info it worked if it ends with ok
verbose cli [ 'node', '/usr/local/bin/npm', 'install', 'fs' ]
info using npm@1.0.106
info using node@v0.6.5
verbose /usr/local/bin/node node symlink
verbose config file /Users/dementrock/.npmrc
verbose config file /usr/local/etc/npmrc
verbose config file /usr/local/lib/node_modules/npm/npmrc
silly testEngine { name: 'test',
silly testEngine   version: '0.4.4',
silly testEngine   description: 'UncommonJS test runner.',
silly testEngine   keywords: [ 'test', 'commonjs', 'unit test' ],
silly testEngine   homepage: 'https://github.com/Gozala/test-commonjs/',
silly testEngine   author: 
silly testEngine    { name: 'Irakli Gozalishvili',
silly testEngine      email: 'rfobic@gmail.com',
silly testEngine      url: 'http://jeditoolkit.com' },
silly testEngine   contributors: 
silly testEngine    [ { name: 'Irakli Gozalishvili',
silly testEngine        email: 'rfobic@gmail.com',
silly testEngine        url: 'http://jeditoolkit.com' },
silly testEngine      { name: 'Kris Kowal',
silly testEngine        email: 'kris@cixar.com',
silly testEngine        url: 'http://github.com/kriskowal/' },
silly testEngine      { name: 'Zach Carter' },
silly testEngine      { name: 'Felix Geisendörfer' },
silly testEngine      { name: 'Karl Guertin' },
silly testEngine      { name: 'Ash Berlin' },
silly testEngine      { name: 'Francois Lafortune' } ],
silly testEngine   repository: 
silly testEngine    { type: 'git',
silly testEngine      url: 'git://github.com/Gozala/test-commonjs.git',
silly testEngine      web: 'https//github.com/Gozala/test-commonjs' },
silly testEngine   bugs: { url: 'http://github.com/Gozala/test-commonjs/issues/' },
silly testEngine   scripts: 
silly testEngine    { test: 'node tests/engines/node/test.js',
silly testEngine      'test-browser': 'open tests/engines/browser/index.html' },
silly testEngine   main: './engines/node/test.js',
silly testEngine   engines: { node: '>=0.4.x' },
silly testEngine   licenses: [ { type: 'MIT', url: 'http://jeditoolkit.com/LICENSE' } ],
silly testEngine   _id: 'test@0.4.4',
silly testEngine   dependencies: {},
silly testEngine   devDependencies: {},
silly testEngine   _engineSupported: true,
silly testEngine   _npmVersion: '1.0.106',
silly testEngine   _nodeVersion: 'v0.6.5',
silly testEngine   _defaultsLoaded: true }
verbose caching /Users/dementrock/coding/multimarkdown.js/node_modules/test/package.json
verbose loadDefaults test@0.4.4
verbose into /Users/dementrock/coding/multimarkdown.js [ 'fs' ]
verbose cache add fs
verbose cache add [ 'fs', null ]
silly cache add: name, spec, args [ undefined, 'fs', [ 'fs', null ] ]
verbose parsed url { pathname: 'fs', path: 'fs', href: 'fs' }
info addNamed [ 'fs', '' ]
verbose addNamed [ null, '' ]
verbose GET fs
verbose raw, before any munging fs
verbose url resolving [ 'https://registry.npmjs.org/', './fs' ]
verbose url resolved https://registry.npmjs.org/fs
silly get cb [ 404,
silly get cb   { server: 'CouchDB/1.1.0 (Erlang OTP/R14B04)',
silly get cb     date: 'Mon, 13 Feb 2012 08:45:51 GMT',
silly get cb     'content-type': 'application/json',
silly get cb     'content-length': '52',
silly get cb     'cache-control': 'must-revalidate' } ]
ERR! 404 'fs' is not in the npm registry.
ERR! 404 You could maybe bug the author to publish it
ERR! 404 Note that you can also install from a tarball or folder.
ERR! 
ERR! System Darwin 11.2.0
ERR! command "node" "/usr/local/bin/npm" "install" "fs"
ERR! cwd /Users/dementrock/coding/multimarkdown.js
ERR! node -v v0.6.5
ERR! npm -v 1.0.106
ERR! code E404
verbose exit [ 1, true ]
